WARNING mmlewis warning: Wrong Lewis structure in structure input file
mmlewis warning: Problems were identified with the following atoms:
mmlewis warning:  1 2 3 4 5 6 
mmlewis warning: Now attempting to fix the lewis structure.
WARNING mmlewis warning: A valid lewis structure was successfully generated.


INPUT
mae_file BNZ.mae
root BNZ
OPLS 2005
hetgrp options ''
User template file ''
User output template file ''


TEMPLATE GENERATION
Template bnzz generated successfully
bnzz



Skipping Minimization
 


FINDING CORE
 - torsions found.
 - ring torsions found.
 -bonds found in mae file
 -names found in mae file
 - core atoms found
 -bonds
 -Core Atoms (including backbone): C1 C2 C3 C4 C5 C6 H1 H2 H3 H4 H5 H6
 -Number of groups 0:


CREATE ROTAMER TEMPLATE FILE: bnzz
No rotatable sidechains found


CREATE ROTAMER LIBRARY
BNZ.rot.assign


WARNING mmlewis warning: Wrong Lewis structure in structure input file
mmlewis warning: Problems were identified with the following atoms:
mmlewis warning:  1 2 3 4 5 6 
mmlewis warning: Now attempting to fix the lewis structure.
WARNING mmlewis warning: A valid lewis structure was successfully generated.


INPUT
mae_file GRW.mae
root GRW
OPLS 2005
hetgrp options ''
User template file ''
User output template file ''


TEMPLATE GENERATION
Template grwz generated successfully
grwz



Skipping Minimization
 


FINDING CORE
 - torsions found.
 - ring torsions found.
 -bonds found in mae file
 -names found in mae file
 - core atoms found
 -bonds
 -Core Atoms (including backbone): C1 C2 C3 C4 C5 C6 H1 H2 H3 H5 H6 G0 G1 G2 G3
 -Number of groups 0:


CREATE ROTAMER TEMPLATE FILE: grwz
No rotatable sidechains found


CREATE ROTAMER LIBRARY
GRW.rot.assign


-------------------------------------------------------
Primary job  terminated normally, but 1 process returned
a non-zero exit code.. Per user-direction, the job has been aborted.
-------------------------------------------------------
--------------------------------------------------------------------------
mpirun detected that one or more processes exited with non-zero status, thus causing
the job to be terminated. The first process to do so was:

  Process name: [[21697,1],0]
  Exit code:    127
--------------------------------------------------------------------------
MACHINE node001
AtomGroup 181l_prepared
['H4']
['H4']
<Atom H4>
AtomGroup methyl
['H1' 'H2' 'H3' 'H4']
Atom H1 (index 1) 0
Hi, here I am
H1
<Atom H1>
STEP : 1
TOTAL STEPS : 10
FINAL BOND LENGTH : 1.51
DIFFERENCE OF LENGTH: 0.42999999999999994
INCREASE OF LENGTH: 0.039090909090909086
STEP BOND LENGTH : 1.1190909090909091
0.13727272727272727
1.1190909090909091
STEP : 1
TOTAL STEPS : 10
FINAL BOND LENGTH : 1.51
DIFFERENCE OF LENGTH: 0.42999999999999994
INCREASE OF LENGTH: 0.039090909090909086
STEP BOND LENGTH : 1.1190909090909091
0.13727272727272727
1.1190909090909091
