2018-09-04 15:16:09,567 - Growing.add_fragment_from_pdbs - INFO : The ligand of 181l_prepared.pdb has been extracted and saved in 'BNZ.pdb'
2018-09-04 15:16:09,762 - Growing.add_fragment_from_pdbs - INFO : The ligand of methyl.pdb has been extracted and saved in 'FRG.pdb'
2018-09-04 15:16:09,790 - Growing.add_fragment_from_pdbs - INFO : Performing a superimposition of bond [<Atom H1>, <Atom C1>] of the fragment on bond [<Atom C4>, <Atom H4>] of the core...
2018-09-04 15:16:09,792 - Growing.add_fragment_from_pdbs - INFO : The following names of the fragment have been changed:
2018-09-04 15:16:09,792 - Growing.add_fragment_from_pdbs - INFO : C1 --> G0
2018-09-04 15:16:09,792 - Growing.add_fragment_from_pdbs - INFO : H2 --> G1
2018-09-04 15:16:09,792 - Growing.add_fragment_from_pdbs - INFO : H3 --> G2
2018-09-04 15:16:09,792 - Growing.add_fragment_from_pdbs - INFO : H4 --> G3
2018-09-04 15:16:10,077 - Growing.add_fragment_from_pdbs - INFO : The result of core + fragment has been saved in 'growing_result.pdb'. This will be used to create the template file.
2018-09-04 15:16:10,078 - Growing.add_fragment_from_pdbs - INFO : The result of core + fragment(small) has been saved in 'initialization_grow.pdb'. This will be used to initialise the growing.
2018-09-04 15:16:20,048 - __main__ - INFO : 
============ Files selected ============
Control file: control_template.conf
PDB file: initialization_grow.pdb
Results folder name: growing_results/growing_output_0
Step: 0

2018-09-04 15:16:20,391 - __main__ - INFO : 
•*´¨`*•.¸¸.•*´¨`*•.¸¸.•*´¨`*•.¸¸.•*´¨`*•.¸¸.••*´¨`*•.¸¸.•*´¨`*•.¸¸.•*´¨`*•.¸¸.•*´¨`*•.¸¸.•

2018-09-04 15:22:04,180 - __main__ - INFO : 
•*´¨`*•.¸¸.•*´¨`*•.¸¸.•*´¨`*•.¸¸.•*´¨`*•.¸¸.••*´¨`*•.¸¸.•*´¨`*•.¸¸.•*´¨`*•.¸¸.•*´¨`*•.¸¸.•

2018-09-04 15:22:04,180 - __main__ - INFO : SIMULATION growing_results/growing_output_0 COMPLETED!!! 
2018-09-04 15:22:04,181 - __main__ - INFO : Looking structures to cluster in '/home/dsoler/repos/Ligand_growing/example/181L_methyl/growing_results/growing_output_0'
2018-09-04 15:22:10,452 - __main__ - INFO : 
============ Files selected ============
Control file: control_template.conf
PDB file: ['initial_0_0.pdb', 'initial_0_1.pdb', 'initial_0_2.pdb', 'initial_0_3.pdb', 'initial_0_4.pdb', 'initial_0_5.pdb', 'initial_0_6.pdb', 'initial_0_7.pdb', 'initial_0_8.pdb', 'initial_0_9.pdb', 'initial_0_10.pdb', 'initial_0_11.pdb', 'initial_0_12.pdb', 'initial_0_13.pdb', 'initial_0_14.pdb', 'initial_0_15.pdb', 'initial_0_16.pdb', 'initial_0_17.pdb', 'initial_0_18.pdb', 'initial_0_19.pdb', 'initial_0_20.pdb', 'initial_0_21.pdb', 'initial_0_22.pdb', 'initial_0_23.pdb', 'initial_0_24.pdb', 'initial_0_25.pdb', 'initial_0_26.pdb', 'initial_0_27.pdb', 'initial_0_28.pdb', 'initial_0_29.pdb', 'initial_0_30.pdb', 'initial_0_31.pdb', 'initial_0_32.pdb', 'initial_0_33.pdb', 'initial_0_34.pdb', 'initial_0_35.pdb', 'initial_0_36.pdb', 'initial_0_37.pdb', 'initial_0_38.pdb', 'initial_0_39.pdb', 'initial_0_40.pdb', 'initial_0_41.pdb', 'initial_0_42.pdb', 'initial_0_43.pdb', 'initial_0_44.pdb', 'initial_0_45.pdb', 'initial_0_46.pdb']
Results folder name: growing_results/growing_output_1
Step: 1

2018-09-04 15:22:10,711 - __main__ - INFO : 
•*´¨`*•.¸¸.•*´¨`*•.¸¸.•*´¨`*•.¸¸.•*´¨`*•.¸¸.••*´¨`*•.¸¸.•*´¨`*•.¸¸.•*´¨`*•.¸¸.•*´¨`*•.¸¸.•

